{
  "RSpec": {
    "coverage": {
      "/home/user/Workspace/social-recipes/app/helpers/application_helper.rb": [
        1,
        null
      ],
      "/home/user/Workspace/social-recipes/app/models/cuisine.rb": [
        1,
        null
      ],
      "/home/user/Workspace/social-recipes/app/models/preference.rb": [
        1,
        null
      ],
      "/home/user/Workspace/social-recipes/app/models/recipe.rb": [
        1,
        1,
        1,
        1,
        null
      ],
      "/home/user/Workspace/social-recipes/app/models/type.rb": [
        1,
        1,
        null
      ],
      "/home/user/Workspace/social-recipes/app/controllers/recipes_controller.rb": [
        1,
        null
      ],
      "/home/user/Workspace/social-recipes/app/controllers/application_controller.rb": [
        1,
        null,
        null,
        1,
        null
      ]
    },
    "timestamp": 1454693413
  }
}
